<?xml version="1.0" encoding="UTF-8"?>
<!-- Generated by org.testng.reporters.JUnitReportReporter -->
<testsuite hostname="DESKTOP-FCOVEUD" failures="0" tests="1" name="com.OrganizationTest.OrganizationModuleTest" time="48.611" errors="0" timestamp="2022-05-19T00:41:08 IST" skipped="0">
  <testcase classname="com.OrganizationTest.OrganizationModuleTest" name="OrganizationModuleTest1" time="48.611"/>
  <system-out/>
</testsuite> <!-- com.OrganizationTest.OrganizationModuleTest -->
