<?xml version="1.0" encoding="UTF-8"?>
<!-- Generated by org.testng.reporters.JUnitReportReporter -->
<testsuite hostname="DESKTOP-FCOVEUD" failures="0" tests="1" name="com.vtiger.ContactsTest.CreateContactWithOrganizationTest" time="161.992" errors="0" timestamp="2022-05-27T08:09:12 IST" skipped="0">
  <testcase classname="com.vtiger.ContactsTest.CreateContactWithOrganizationTest" name="CreateContactWithOrganizationTest1" time="161.992"/>
  <system-out/>
</testsuite> <!-- com.vtiger.ContactsTest.CreateContactWithOrganizationTest -->
