<?xml version="1.0" encoding="UTF-8"?>
<!-- Generated by org.testng.reporters.JUnitReportReporter -->
<testsuite hostname="DESKTOP-FCOVEUD" failures="0" tests="1" name="com.OrganizationTest.CreateOrganizationWthAssignedToSupportGroup" time="80.130" errors="0" timestamp="2022-05-19T10:02:36 IST" skipped="0">
  <testcase classname="com.OrganizationTest.CreateOrganizationWthAssignedToSupportGroup" name="CreateOrganizationWthAssignedToSupportGroup1" time="80.130"/>
  <system-out/>
</testsuite> <!-- com.OrganizationTest.CreateOrganizationWthAssignedToSupportGroup -->
