<?xml version="1.0" encoding="UTF-8"?>
<!-- Generated by org.testng.reporters.JUnitReportReporter -->
<testsuite hostname="DESKTOP-FCOVEUD" failures="0" tests="1" name="com.vtiger.CampaignsTest.CreateCampaignTest" time="15.979" errors="0" timestamp="2022-05-27T10:25:15 IST" skipped="0">
  <testcase classname="com.vtiger.CampaignsTest.CreateCampaignTest" name="createCampaignTest" time="15.979"/>
  <system-out/>
</testsuite> <!-- com.vtiger.CampaignsTest.CreateCampaignTest -->
