<?xml version="1.0" encoding="UTF-8"?>
<!-- Generated by org.testng.reporters.JUnitReportReporter -->
<testsuite hostname="DESKTOP-FCOVEUD" failures="0" tests="1" name="com.vtiger.CampaignsTest.CreateCampaignWthProduct" time="31.841" errors="0" timestamp="2022-05-27T10:26:26 IST" skipped="0">
  <testcase classname="com.vtiger.CampaignsTest.CreateCampaignWthProduct" name="createcampaignProduct" time="31.841"/>
  <system-out/>
</testsuite> <!-- com.vtiger.CampaignsTest.CreateCampaignWthProduct -->
