<?xml version="1.0" encoding="UTF-8"?>
<!-- Generated by org.testng.reporters.JUnitReportReporter -->
<testsuite hostname="DESKTOP-FCOVEUD" failures="0" tests="2" name="com.vtiger.Organization.Organizationwithindustry" time="98.141" errors="0" timestamp="2022-05-26T17:36:14 IST" skipped="0">
  <testcase classname="com.vtiger.Organization.Organizationwithindustry" name="Organizationwithindustry1" time="49.595"/>
  <system-out/>
  <testcase classname="com.vtiger.Organization.Organizationwithindustry" name="Organizationwithindustry1" time="48.546"/>
  <system-out/>
</testsuite> <!-- com.vtiger.Organization.Organizationwithindustry -->
