<?xml version="1.0" encoding="UTF-8"?>
<!-- Generated by org.testng.reporters.JUnitReportReporter -->
<testsuite hostname="DESKTOP-FCOVEUD" failures="0" tests="1" name="com.OrganizationTest.CreateOrganizationwithoutEmailopt" time="49.453" errors="0" timestamp="2022-05-19T08:28:22 IST" skipped="0">
  <testcase classname="com.OrganizationTest.CreateOrganizationwithoutEmailopt" name="CreateOrganizationwithoutEmailopt2" time="49.453"/>
  <system-out/>
</testsuite> <!-- com.OrganizationTest.CreateOrganizationwithoutEmailopt -->
