<?xml version="1.0" encoding="UTF-8"?>
<!-- Generated by org.testng.reporters.JUnitReportReporter -->
<testsuite hostname="DESKTOP-FCOVEUD" failures="0" tests="3" name="com.testng.practice.TestNgPractice1Test" time="0.027" errors="0" timestamp="2022-05-19T15:16:37 IST" skipped="0">
  <testcase classname="com.testng.practice.TestNgPractice1Test" name="practice2Test" time="0.005"/>
  <system-out>
    <![CDATA[TestNgPractice1Test-->Test2]]>
  </system-out>
  <testcase classname="com.testng.practice.TestNgPractice1Test" name="practice1Test" time="0.019"/>
  <system-out>
    <![CDATA[TestNgPractice1Test-->Test1]]>
  </system-out>
  <testcase classname="com.testng.practice.TestNgPractice1Test" name="practice3Test" time="0.003"/>
  <system-out>
    <![CDATA[TestNgPractice1Test-->Test3]]>
  </system-out>
</testsuite> <!-- com.testng.practice.TestNgPractice1Test -->
