<?xml version="1.0" encoding="UTF-8"?>
<!-- Generated by org.testng.reporters.JUnitReportReporter -->
<testsuite hostname="DESKTOP-FCOVEUD" failures="0" tests="1" name="com.vtiger.Organization.CreateOrganizationIndustryTest" time="27.483" errors="0" timestamp="2022-05-26T17:31:14 IST" skipped="0">
  <testcase classname="com.vtiger.Organization.CreateOrganizationIndustryTest" name="CreateOrganizationIndustryTest1" time="27.483"/>
  <system-out/>
</testsuite> <!-- com.vtiger.Organization.CreateOrganizationIndustryTest -->
